<?xml version="1.0" encoding="UTF-8"?>
<!-- Generated by org.testng.reporters.JUnitXMLReporter -->
<testsuite hostname="ASAMIR" ignored="2" name="SeleniumAutomationTask chrome" tests="4" failures="0" timestamp="20 Jun 2020 20:28:30 GMT" time="32.676" errors="0">
  <testcase name="openApps" time="1.27" classname="SeleniumAutomationTask.SeleniumAutomation.ScenarioOne"/>
  <testcase name="chooseCategory" time="2.207" classname="SeleniumAutomationTask.SeleniumAutomation.ScenarioOne"/>
  <testcase name="searchForTED" time="7.244" classname="SeleniumAutomationTask.SeleniumAutomation.ScenarioOne"/>
  <testcase name="facebookSearch" time="1.593" classname="SeleniumAutomationTask.SeleniumAutomation.ScenarioTwo"/>
  <testcase name="@AfterTest closeWindow" time="0.0" classname="SeleniumAutomationTask.SeleniumAutomation.GooglePlaySearch">
    <ignored/>
  </testcase> <!-- @AfterTest closeWindow -->
  <testcase name="@BeforeTest openGooglePlay" time="0.0" classname="SeleniumAutomationTask.SeleniumAutomation.GooglePlaySearch">
    <ignored/>
  </testcase> <!-- @BeforeTest openGooglePlay -->
</testsuite> <!-- SeleniumAutomationTask chrome -->
