<?xml version="1.0" encoding="UTF-8"?>
<!-- Generated by org.testng.reporters.JUnitXMLReporter -->
<testsuite hostname="ASAMIR" ignored="2" name="SeleniumAutomationTask firefox" tests="4" failures="0" timestamp="06 Jul 2019 20:35:37 GMT" time="22.937" errors="0">
  <testcase name="openApps" time="1.367" classname="SeleniumAutomationTask.SeleniumAutomation.ScenarioOne"/>
  <testcase name="chooseCategory" time="1.383" classname="SeleniumAutomationTask.SeleniumAutomation.ScenarioOne"/>
  <testcase name="searchForTED" time="7.361" classname="SeleniumAutomationTask.SeleniumAutomation.ScenarioOne"/>
  <testcase name="facebookSearch" time="1.416" classname="SeleniumAutomationTask.SeleniumAutomation.ScenarioTwo"/>
  <testcase name="@AfterTest closeWindow" time="0.0" classname="SeleniumAutomationTask.SeleniumAutomation.GooglePlaySearch">
    <ignored/>
  </testcase> <!-- @AfterTest closeWindow -->
  <testcase name="@BeforeTest openGooglePlay" time="0.0" classname="SeleniumAutomationTask.SeleniumAutomation.GooglePlaySearch">
    <ignored/>
  </testcase> <!-- @BeforeTest openGooglePlay -->
</testsuite> <!-- SeleniumAutomationTask firefox -->
