<?xml version="1.0" encoding="UTF-8"?>
<!-- Generated by org.testng.reporters.JUnitXMLReporter -->
<testsuite hostname="ASAMIR" ignored="2" name="SeleniumAutomationTask Browser" tests="4" failures="0" timestamp="30 Jun 2019 06:23:06 GMT" time="27.686" errors="0">
  <testcase name="openApps" time="2.409" classname="SeleniumAutomationTask.SeleniumAutomation.ScenarioOne"/>
  <testcase name="chooseCategory" time="1.498" classname="SeleniumAutomationTask.SeleniumAutomation.ScenarioOne"/>
  <testcase name="searchForTED" time="21.225" classname="SeleniumAutomationTask.SeleniumAutomation.ScenarioOne"/>
  <testcase name="facebookSearch" time="2.523" classname="SeleniumAutomationTask.SeleniumAutomation.ScenarioTow"/>
  <testcase name="@AfterSuite closeWindow" time="0.0" classname="SeleniumAutomationTask.SeleniumAutomation.GooglePlaySearch">
    <ignored/>
  </testcase> <!-- @AfterSuite closeWindow -->
  <testcase name="@BeforeSuite openGooglePlay" time="0.0" classname="SeleniumAutomationTask.SeleniumAutomation.GooglePlaySearch">
    <ignored/>
  </testcase> <!-- @BeforeSuite openGooglePlay -->
</testsuite> <!-- SeleniumAutomationTask Browser -->
